Build started 2012/2/21 17:50:39.
     1>Project "D:\ericosur-google\C\msvc\demoMD5\demoMD5\demoMD5.vcxproj" on node 2 (rebuild target(s)).
     1>PrepareForBuild:
         Creating directory "D:\ericosur-google\C\msvc\demoMD5\Debug\".
       InitializeBuildStatus:
         Creating "Debug\demoMD5.unsuccessfulbuild" because "AlwaysCreate" was specified.
       ClCompile:
         C:\Program Files (x86)\Microsoft Visual Studio 10.0\VC\bin\CL.exe /c /ZI /nologo /W3 /WX- /Od /Oy- /D WIN32 /D _DEBUG /D _CONSOLE /D _UNICODE /D UNICODE /Gm /EHsc /RTC1 /MDd /GS /fp:precise /Zc:wchar_t /Zc:forScope /Fo"Debug\\" /Fd"Debug\vc100.pdb" /Gd /TP /analyze- /errorReport:prompt main.cpp testAES.cpp testMD5.cpp
         testMD5.cpp
         testAES.cpp
         main.cpp
         Generating Code...
       ManifestResourceCompile:
         C:\Program Files (x86)\Microsoft SDKs\Windows\v7.0A\bin\rc.exe /nologo /fo"Debug\demoMD5.exe.embed.manifest.res" Debug\demoMD5_manifest.rc 
       Link:
         C:\Program Files (x86)\Microsoft Visual Studio 10.0\VC\bin\link.exe /ERRORREPORT:PROMPT /OUT:"D:\ericosur-google\C\msvc\demoMD5\Debug\demoMD5.exe" /INCREMENTAL /NOLOGO libeay32MD.lib libeay32MDd.lib libeay32MT.lib libeay32MTd.lib ssleay32MD.lib ssleay32MDd.lib ssleay32MT.lib ssleay32MTd.lib kernel32.lib user32.lib gdi32.lib winspool.lib comdlg32.lib advapi32.lib shell32.lib ole32.lib oleaut32.lib uuid.lib odbc32.lib odbccp32.lib /MANIFEST /ManifestFile:"Debug\demoMD5.exe.intermediate.manifest" /MANIFESTUAC:"level='asInvoker' uiAccess='false'" /DEBUG /PDB:"D:\ericosur-google\C\msvc\demoMD5\Debug\demoMD5.pdb" /SUBSYSTEM:CONSOLE /TLBID:1 /DYNAMICBASE /NXCOMPAT /IMPLIB:"D:\ericosur-google\C\msvc\demoMD5\Debug\demoMD5.lib" /MACHINE:X86 Debug\demoMD5.exe.embed.manifest.res
         Debug\main.obj
         Debug\testAES.obj
         Debug\testMD5.obj
       Manifest:
         Deleting file "Debug\demoMD5.exe.embed.manifest".
         C:\Program Files (x86)\Microsoft SDKs\Windows\v7.0A\bin\mt.exe /nologo /verbose /out:"Debug\demoMD5.exe.embed.manifest" /manifest Debug\demoMD5.exe.intermediate.manifest
         C:\Program Files (x86)\Microsoft SDKs\Windows\v7.0A\bin\rc.exe /nologo /fo"Debug\demoMD5.exe.embed.manifest.res" Debug\demoMD5_manifest.rc 
       LinkEmbedManifest:
         C:\Program Files (x86)\Microsoft Visual Studio 10.0\VC\bin\link.exe /ERRORREPORT:PROMPT /OUT:"D:\ericosur-google\C\msvc\demoMD5\Debug\demoMD5.exe" /INCREMENTAL /NOLOGO libeay32MD.lib libeay32MDd.lib libeay32MT.lib libeay32MTd.lib ssleay32MD.lib ssleay32MDd.lib ssleay32MT.lib ssleay32MTd.lib kernel32.lib user32.lib gdi32.lib winspool.lib comdlg32.lib advapi32.lib shell32.lib ole32.lib oleaut32.lib uuid.lib odbc32.lib odbccp32.lib /MANIFEST /ManifestFile:"Debug\demoMD5.exe.intermediate.manifest" /MANIFESTUAC:"level='asInvoker' uiAccess='false'" /DEBUG /PDB:"D:\ericosur-google\C\msvc\demoMD5\Debug\demoMD5.pdb" /SUBSYSTEM:CONSOLE /TLBID:1 /DYNAMICBASE /NXCOMPAT /IMPLIB:"D:\ericosur-google\C\msvc\demoMD5\Debug\demoMD5.lib" /MACHINE:X86 Debug\demoMD5.exe.embed.manifest.res
         Debug\main.obj
         Debug\testAES.obj
         Debug\testMD5.obj
         demoMD5.vcxproj -> D:\ericosur-google\C\msvc\demoMD5\Debug\demoMD5.exe
       FinalizeBuildStatus:
         Deleting file "Debug\demoMD5.unsuccessfulbuild".
         Touching "Debug\demoMD5.lastbuildstate".
     1>Done Building Project "D:\ericosur-google\C\msvc\demoMD5\demoMD5\demoMD5.vcxproj" (rebuild target(s)).

Build succeeded.

Time Elapsed 00:00:04.43
